Arguments: 
  /usr/local/bin/node /usr/local/bin/yarn add install-peerdeps

PATH: 
  /opt/homebrew/bin:/opt/homebrew/sbin:/usr/local/bin:/usr/bin:/bin:/usr/sbin:/sbin:/usr/local/MacGPG2/bin:/opt/homebrew/bin:/opt/homebrew/sbin

Yarn version: 
  1.22.19

Node version: 
  16.16.0

Platform: 
  darwin arm64

Trace: 
  SyntaxError: /Users/igorizviekov/Desktop/Projects/nft_marketplace/nft-marketplace/package.json: Unexpected token } in JSON at position 1257
      at JSON.parse (<anonymous>)
      at /usr/local/lib/node_modules/yarn/lib/cli.js:1629:59
      at Generator.next (<anonymous>)
      at step (/usr/local/lib/node_modules/yarn/lib/cli.js:310:30)
      at /usr/local/lib/node_modules/yarn/lib/cli.js:321:13

npm manifest: 
  {
    "name": "nft-marketplace",
    "version": "0.1.0",
    "private": true,
    "scripts": {
      "dev": "next dev",
      "build": "next build",
      "start": "next start",
      "lint": "next lint"
    },
    "dependencies": {
      "next": "13.0.2",
      "react": "18.2.0",
      "react-dom": "18.2.0",
      "typescript": "4.8.4",
      "@metamask/providers": "^9.1.0",
      "@nomicfoundation/hardhat-toolbox": "^1.0.2",
      "@nomiclabs/hardhat-ethers": "^2.2.0",
      "@openzeppelin/contracts": "4.5.0",
      "axios": "0.26.0",
      "ethers": "^5.6.9",
      "hardhat": "^2.10.1",
      "ipfs-http-client": "56.0.1",
      "react-dropzone": "12.0.4",
      "web3modal": "1.9.5"
    },
    "devDependencies": {
      "@types/node": "18.11.9",
      "@types/react": "18.0.25",
      "@types/react-dom": "18.0.8",
      "@typescript-eslint/eslint-plugin": "^5.33.0",
      "@typescript-eslint/parser": "^5.33.0",
      "autoprefixer": "10.4.2",
      "chai": "^4.3.6",
      "eslint-config-airbnb": "^19.0.4",
      "eslint-plugin-import": "^2.26.0",
      "eslint-plugin-jsx-a11y": "^6.6.1",
      "eslint-plugin-react": "^7.30.1",
      "eslint-plugin-react-hooks": "^4.6.0",
      "postcss": "8.4.7",
      "tailwindcss": "3.0.23",
      "typescript": "4.7.4",
      "eslint": "8.27.0",
      "eslint-config-next": "13.0.2",
    }
  }

yarn manifest: 
  No manifest

Lockfile: 
  No lockfile
